<?xml version="1.0" encoding="UTF-8"?>
<!-- Generated by org.testng.reporters.JUnitXMLReporter -->
<testsuite hostname="DESKTOP-ITOC7DF" ignored="0" name="DemoTest" tests="3" failures="0" timestamp="14 Sep 2019 12:15:32 GMT" time="45.693" errors="0">
  <testcase name="googleTest" time="5.857" classname="core.tests.DemoTest"/>
  <testcase name="amazonTest" time="17.069" classname="core.tests.DemoTest"/>
  <testcase name="appleTest" time="3.419" classname="core.tests.DemoTest"/>
</testsuite> <!-- DemoTest -->
