<?xml version="1.0" encoding="UTF-8"?>
<testng-results skipped="0" failed="0" ignored="0" total="3" passed="3">
  <reporter-output>
  </reporter-output>
  <suite name="Suite" duration-ms="45693" started-at="2019-09-14T12:14:46Z" finished-at="2019-09-14T12:15:32Z">
    <groups>
    </groups>
    <test name="DemoTest" duration-ms="45693" started-at="2019-09-14T12:14:46Z" finished-at="2019-09-14T12:15:32Z">
      <class name="core.tests.DemoTest">
        <test-method status="PASS" signature="setUp()[pri:0, instance:core.tests.DemoTest@1bce4f0a]" name="setUp" is-config="true" duration-ms="19321" started-at="2019-09-14T12:14:46Z" finished-at="2019-09-14T12:15:06Z">
          <reporter-output>
          </reporter-output>
        </test-method> <!-- setUp -->
        <test-method status="PASS" signature="googleTest()[pri:1, instance:core.tests.DemoTest@1bce4f0a]" name="googleTest" duration-ms="5857" started-at="2019-09-14T12:15:06Z" finished-at="2019-09-14T12:15:12Z">
          <reporter-output>
          </reporter-output>
        </test-method> <!-- googleTest -->
        <test-method status="PASS" signature="amazonTest()[pri:2, instance:core.tests.DemoTest@1bce4f0a]" name="amazonTest" duration-ms="17069" started-at="2019-09-14T12:15:12Z" finished-at="2019-09-14T12:15:29Z">
          <reporter-output>
          </reporter-output>
        </test-method> <!-- amazonTest -->
        <test-method status="PASS" signature="appleTest()[pri:3, instance:core.tests.DemoTest@1bce4f0a]" name="appleTest" duration-ms="3419" started-at="2019-09-14T12:15:29Z" finished-at="2019-09-14T12:15:32Z">
          <reporter-output>
          </reporter-output>
        </test-method> <!-- appleTest -->
        <test-method status="PASS" signature="tearDown()[pri:0, instance:core.tests.DemoTest@1bce4f0a]" name="tearDown" is-config="true" duration-ms="2338" started-at="2019-09-14T12:15:32Z" finished-at="2019-09-14T12:15:34Z">
          <reporter-output>
          </reporter-output>
        </test-method> <!-- tearDown -->
      </class> <!-- core.tests.DemoTest -->
    </test> <!-- DemoTest -->
  </suite> <!-- Suite -->
</testng-results>
