<?xml version="1.0" encoding="UTF-8"?>
<testsuite xmlns:xsi="http://www.w3.org/2001/XMLSchema-instance" xsi:noNamespaceSchemaLocation="https://maven.apache.org/surefire/maven-surefire-plugin/xsd/surefire-test-report-3.0.xsd" version="3.0" name="TestSuite" time="48.929" tests="3" errors="0" skipped="0" failures="0">
  <properties>
[...]
</properties>
  <testcase name="googleTest" classname="core.tests.DemoTest" time="5.857"/>
  <testcase name="amazonTest" classname="core.tests.DemoTest" time="17.069"/>
  <testcase name="appleTest" classname="core.tests.DemoTest" time="3.419"/>
</testsuite>